[05Sep2025 00:00:02.376] [Server thread/INFO] [net.minecraft.world.entity.npc.Villager/]: Villager Villager['Mason'/6374, l='ServerLevel[world]', x=1912.72, y=66.17, z=706.43] died, message: 'Mason was slain by Lightning Dragon'
[05Sep2025 00:10:15.140] [Server thread/WARN] [net.minecraft.server.network.ServerGamePacketListenerImpl/]: entity.evilcraft.broom (vehicle of _ZorVaK_) moved too quickly! 9.808746660249653,-0.4644147312728961,3.24233534373343
[05Sep2025 00:10:18.280] [Server thread/WARN] [net.minecraft.server.network.ServerGamePacketListenerImpl/]: entity.evilcraft.broom (vehicle of _ZorVaK_) moved too quickly! -9.923990010489206,0.17050219052931936,-3.897862902561428
[05Sep2025 00:10:18.281] [Server thread/WARN] [net.minecraft.server.network.ServerGamePacketListenerImpl/]: entity.evilcraft.broom (vehicle of _ZorVaK_) moved too quickly! -11.574464241090254,0.1829750147844038,-4.5480848644695016
[05Sep2025 00:10:18.287] [Server thread/WARN] [net.minecraft.server.network.ServerGamePacketListenerImpl/]: entity.evilcraft.broom (vehicle of _ZorVaK_) moved too quickly! -13.225494329098865,0.19459292423040608,-5.19745729276292
[05Sep2025 00:10:18.288] [Server thread/WARN] [net.minecraft.server.network.ServerGamePacketListenerImpl/]: entity.evilcraft.broom (vehicle of _ZorVaK_) moved too quickly! -14.879281524689986,0.2011180043971308,-5.845005832882521
[05Sep2025 00:10:18.288] [Server thread/WARN] [net.minecraft.server.network.ServerGamePacketListenerImpl/]: entity.evilcraft.broom (vehicle of _ZorVaK_) moved too quickly! -16.533573303679304,0.203064470772091,-6.492208251782699
[05Sep2025 00:10:18.288] [Server thread/WARN] [net.minecraft.server.network.ServerGamePacketListenerImpl/]: entity.evilcraft.broom (vehicle of _ZorVaK_) moved too quickly! -18.188132424084415,0.20491683320308596,-7.139233193550808
[05Sep2025 00:10:18.289] [Server thread/WARN] [net.minecraft.server.network.ServerGamePacketListenerImpl/]: entity.evilcraft.broom (vehicle of _ZorVaK_) moved too quickly! -19.842924223418095,0.20281712963544862,-7.786116066203817
[05Sep2025 00:10:18.289] [Server thread/WARN] [net.minecraft.server.network.ServerGamePacketListenerImpl/]: entity.evilcraft.broom (vehicle of _ZorVaK_) moved too quickly! -21.500678612601405,0.2037977797611603,-8.420468151083696
[05Sep2025 00:10:18.323] [Server thread/WARN] [net.minecraft.server.network.ServerGamePacketListenerImpl/]: entity.evilcraft.broom (vehicle of _ZorVaK_) moved too quickly! -13.259570183321784,0.03586802726152882,-5.125759108601983
[05Sep2025 00:10:18.353] [Server thread/WARN] [net.minecraft.server.network.ServerGamePacketListenerImpl/]: entity.evilcraft.broom (vehicle of _ZorVaK_) moved too quickly! -13.283540135634894,0.021471852562129357,-5.085616739350257
[05Sep2025 00:10:18.403] [Server thread/WARN] [net.minecraft.server.network.ServerGamePacketListenerImpl/]: entity.evilcraft.broom (vehicle of _ZorVaK_) moved too quickly! -11.61385530761413,-0.004908921641558095,-4.546745177939783
[05Sep2025 00:10:18.813] [Server thread/WARN] [net.minecraft.server.network.ServerGamePacketListenerImpl/]: entity.evilcraft.broom (vehicle of _ZorVaK_) moved too quickly! 12.234585323609963,-0.06704302669896833,1.4072468786469017
[05Sep2025 00:10:18.813] [Server thread/WARN] [net.minecraft.server.network.ServerGamePacketListenerImpl/]: entity.evilcraft.broom (vehicle of _ZorVaK_) moved too quickly! 10.484525120313492,-0.06000402311943276,1.0983048485255722
[05Sep2025 00:10:18.845] [Server thread/WARN] [net.minecraft.server.network.ServerGamePacketListenerImpl/]: entity.evilcraft.broom (vehicle of _ZorVaK_) moved too quickly! 10.47281261359899,-0.06834305845166,0.9682185059515405
[05Sep2025 00:10:18.902] [Server thread/WARN] [net.minecraft.server.network.ServerGamePacketListenerImpl/]: entity.evilcraft.broom (vehicle of _ZorVaK_) moved too quickly! 32.24173124044569,-0.15523347437969903,9.048124059051815
[05Sep2025 00:10:18.902] [Server thread/WARN] [net.minecraft.server.network.ServerGamePacketListenerImpl/]: entity.evilcraft.broom (vehicle of _ZorVaK_) moved too quickly! 32.24173124044569,-0.15523347437969903,9.048124059051815
[05Sep2025 00:10:18.902] [Server thread/WARN] [net.minecraft.server.network.ServerGamePacketListenerImpl/]: entity.evilcraft.broom (vehicle of _ZorVaK_) moved too quickly! 32.24173124044569,-0.15523347437969903,9.048124059051815
[05Sep2025 00:10:18.903] [Server thread/WARN] [net.minecraft.server.network.ServerGamePacketListenerImpl/]: entity.evilcraft.broom (vehicle of _ZorVaK_) moved too quickly! 32.24173124044569,-0.15523347437969903,9.048124059051815
[05Sep2025 00:10:18.903] [Server thread/WARN] [net.minecraft.server.network.ServerGamePacketListenerImpl/]: entity.evilcraft.broom (vehicle of _ZorVaK_) moved too quickly! 32.24173124044569,-0.15523347437969903,9.048124059051815
[05Sep2025 00:10:18.903] [Server thread/WARN] [net.minecraft.server.network.ServerGamePacketListenerImpl/]: entity.evilcraft.broom (vehicle of _ZorVaK_) moved too quickly! 32.24173124044569,-0.15523347437969903,9.048124059051815
[05Sep2025 00:10:18.903] [Server thread/WARN] [net.minecraft.server.network.ServerGamePacketListenerImpl/]: entity.evilcraft.broom (vehicle of _ZorVaK_) moved too quickly! 32.24173124044569,-0.15523347437969903,9.048124059051815
[05Sep2025 00:10:18.903] [Server thread/WARN] [net.minecraft.server.network.ServerGamePacketListenerImpl/]: entity.evilcraft.broom (vehicle of _ZorVaK_) moved too quickly! 32.24173124044569,-0.15523347437969903,9.048124059051815
[05Sep2025 00:10:18.903] [Server thread/WARN] [net.minecraft.server.network.ServerGamePacketListenerImpl/]: entity.evilcraft.broom (vehicle of _ZorVaK_) moved too quickly! 30.482455198139633,-0.13752641296403567,8.859988947792203
[05Sep2025 00:10:18.904] [Server thread/WARN] [net.minecraft.server.network.ServerGamePacketListenerImpl/]: entity.evilcraft.broom (vehicle of _ZorVaK_) moved too quickly! 28.709375575490412,-0.11686050549138827,8.745953920473085
[05Sep2025 00:10:18.946] [Server thread/WARN] [net.minecraft.server.network.ServerGamePacketListenerImpl/]: entity.evilcraft.broom (vehicle of _ZorVaK_) moved too quickly! 28.70640827726288,-0.10948893327140752,8.746360655472017
[05Sep2025 00:10:18.972] [Server thread/WARN] [net.minecraft.server.network.ServerGamePacketListenerImpl/]: entity.evilcraft.broom (vehicle of _ZorVaK_) moved too quickly! 28.683528283321948,-0.09978461873872391,8.69617696626483
[05Sep2025 00:10:19.024] [Server thread/WARN] [net.minecraft.server.network.ServerGamePacketListenerImpl/]: entity.evilcraft.broom (vehicle of _ZorVaK_) moved too quickly! 30.415424899018035,-0.10391794149160205,8.62193233294272
[05Sep2025 00:10:19.076] [Server thread/WARN] [net.minecraft.server.network.ServerGamePacketListenerImpl/]: entity.evilcraft.broom (vehicle of _ZorVaK_) moved too quickly! 41.140701571831414,-0.24457006021880545,8.358624721108072
[05Sep2025 00:10:19.076] [Server thread/WARN] [net.minecraft.server.network.ServerGamePacketListenerImpl/]: entity.evilcraft.broom (vehicle of _ZorVaK_) moved too quickly! 39.476175023987025,-0.2302141941061393,7.771406036442841
[05Sep2025 00:10:19.077] [Server thread/WARN] [net.minecraft.server.network.ServerGamePacketListenerImpl/]: entity.evilcraft.broom (vehicle of _ZorVaK_) moved too quickly! 36.10017347174153,-0.20190054173410488,6.736008846534787
[05Sep2025 00:10:19.103] [Server thread/WARN] [net.minecraft.server.network.ServerGamePacketListenerImpl/]: entity.evilcraft.broom (vehicle of _ZorVaK_) moved too quickly! 36.08435281020547,-0.1923635044552583,6.609996613188628
[05Sep2025 00:10:19.187] [Server thread/WARN] [net.minecraft.server.network.ServerGamePacketListenerImpl/]: entity.evilcraft.broom (vehicle of _ZorVaK_) moved too quickly! 39.567267406988776,-0.21938043339442004,6.347417755040169
[05Sep2025 00:10:19.188] [Server thread/WARN] [net.minecraft.server.network.ServerGamePacketListenerImpl/]: entity.evilcraft.broom (vehicle of _ZorVaK_) moved too quickly! 14.08733320829674,-0.16564539749195717,-0.8065803076500515
[05Sep2025 00:10:19.188] [Server thread/WARN] [net.minecraft.server.network.ServerGamePacketListenerImpl/]: entity.evilcraft.broom (vehicle of _ZorVaK_) moved too quickly! 14.08733320829674,-0.16564539749195717,-0.8065803076500515
[05Sep2025 00:10:19.188] [Server thread/WARN] [net.minecraft.server.network.ServerGamePacketListenerImpl/]: entity.evilcraft.broom (vehicle of _ZorVaK_) moved too quickly! 12.340417593312623,-0.15179587428968944,-0.9354154404200017
[05Sep2025 00:10:19.188] [Server thread/WARN] [net.minecraft.server.network.ServerGamePacketListenerImpl/]: entity.evilcraft.broom (vehicle of _ZorVaK_) moved too quickly! 19.29283104502997,-0.19624417775014535,-0.4016564729215588
[05Sep2025 00:10:19.188] [Server thread/WARN] [net.minecraft.server.network.ServerGamePacketListenerImpl/]: entity.evilcraft.broom (vehicle of _ZorVaK_) moved too quickly! 19.29283104502997,-0.19624417775014535,-0.4016564729215588
[05Sep2025 00:10:19.188] [Server thread/WARN] [net.minecraft.server.network.ServerGamePacketListenerImpl/]: entity.evilcraft.broom (vehicle of _ZorVaK_) moved too quickly! 19.29283104502997,-0.19624417775014535,-0.4016564729215588
[05Sep2025 00:10:19.189] [Server thread/WARN] [net.minecraft.server.network.ServerGamePacketListenerImpl/]: entity.evilcraft.broom (vehicle of _ZorVaK_) moved too quickly! 19.29283104502997,-0.19624417775014535,-0.4016564729215588
[05Sep2025 00:10:19.189] [Server thread/WARN] [net.minecraft.server.network.ServerGamePacketListenerImpl/]: entity.evilcraft.broom (vehicle of _ZorVaK_) moved too quickly! 19.29283104502997,-0.19624417775014535,-0.4016564729215588
[05Sep2025 00:10:19.189] [Server thread/WARN] [net.minecraft.server.network.ServerGamePacketListenerImpl/]: entity.evilcraft.broom (vehicle of _ZorVaK_) moved too quickly! 19.29283104502997,-0.19624417775014535,-0.4016564729215588
[05Sep2025 00:10:19.189] [Server thread/WARN] [net.minecraft.server.network.ServerGamePacketListenerImpl/]: entity.evilcraft.broom (vehicle of _ZorVaK_) moved too quickly! 19.29283104502997,-0.19624417775014535,-0.4016564729215588
[05Sep2025 00:10:19.189] [Server thread/WARN] [net.minecraft.server.network.ServerGamePacketListenerImpl/]: entity.evilcraft.broom (vehicle of _ZorVaK_) moved too quickly! 19.29283104502997,-0.19624417775014535,-0.4016564729215588
[05Sep2025 00:10:19.189] [Server thread/WARN] [net.minecraft.server.network.ServerGamePacketListenerImpl/]: entity.evilcraft.broom (vehicle of _ZorVaK_) moved too quickly! 19.29283104502997,-0.19624417775014535,-0.4016564729215588
[05Sep2025 00:10:19.189] [Server thread/WARN] [net.minecraft.server.network.ServerGamePacketListenerImpl/]: entity.evilcraft.broom (vehicle of _ZorVaK_) moved too quickly! 19.29283104502997,-0.19624417775014535,-0.4016564729215588
[05Sep2025 00:10:19.190] [Server thread/WARN] [net.minecraft.server.network.ServerGamePacketListenerImpl/]: entity.evilcraft.broom (vehicle of _ZorVaK_) moved too quickly! 17.5178799973703,-0.1540092826927406,-0.38743846811598814
[05Sep2025 00:10:19.244] [Server thread/WARN] [net.minecraft.server.network.ServerGamePacketListenerImpl/]: entity.evilcraft.broom (vehicle of _ZorVaK_) moved too quickly! 17.49329781683673,-0.15815282883502846,-0.4536700406944192
[05Sep2025 00:10:19.286] [Server thread/WARN] [net.minecraft.server.network.ServerGamePacketListenerImpl/]: entity.evilcraft.broom (vehicle of _ZorVaK_) moved too quickly! 17.469095932491427,-0.1654247447702204,-0.5122362624865673
[05Sep2025 00:10:19.334] [Server thread/WARN] [net.minecraft.server.network.ServerGamePacketListenerImpl/]: entity.evilcraft.broom (vehicle of _ZorVaK_) moved too quickly! 17.445575593209696,-0.17390063926512767,-0.5646823481870342
[05Sep2025 00:10:19.379] [Server thread/WARN] [net.minecraft.server.network.ServerGamePacketListenerImpl/]: entity.evilcraft.broom (vehicle of _ZorVaK_) moved too quickly! 22.799879076475463,-0.24304909059947022,-0.9337798738522451
[05Sep2025 00:10:19.380] [Server thread/WARN] [net.minecraft.server.network.ServerGamePacketListenerImpl/]: entity.evilcraft.broom (vehicle of _ZorVaK_) moved too quickly! 21.045829989546974,-0.2262071083273014,-0.9385831605505928
[05Sep2025 00:10:19.381] [Server thread/WARN] [net.minecraft.server.network.ServerGamePacketListenerImpl/]: entity.evilcraft.broom (vehicle of _ZorVaK_) moved too quickly! 17.536388607268464,-0.19125870789738997,-0.8960758889918452
[05Sep2025 00:10:19.382] [Server thread/WARN] [net.minecraft.server.network.ServerGamePacketListenerImpl/]: entity.evilcraft.broom (vehicle of _ZorVaK_) moved too quickly! 14.02654773681138,-0.15489446777223748,-0.7951444971522506
[05Sep2025 00:10:19.382] [Server thread/WARN] [net.minecraft.server.network.ServerGamePacketListenerImpl/]: entity.evilcraft.broom (vehicle of _ZorVaK_) moved too quickly! 14.02654773681138,-0.15489446777223748,-0.7951444971522506
[05Sep2025 00:10:19.383] [Server thread/WARN] [net.minecraft.server.network.ServerGamePacketListenerImpl/]: entity.evilcraft.broom (vehicle of _ZorVaK_) moved too quickly! 14.02654773681138,-0.15489446777223748,-0.7951444971522506
[05Sep2025 00:10:19.384] [Server thread/WARN] [net.minecraft.server.network.ServerGamePacketListenerImpl/]: entity.evilcraft.broom (vehicle of _ZorVaK_) moved too quickly! 12.252231774996062,-0.14074897683873644,-0.7201116124593909
[05Sep2025 00:10:19.416] [Server thread/WARN] [net.minecraft.server.network.ServerGamePacketListenerImpl/]: entity.evilcraft.broom (vehicle of _ZorVaK_) moved too quickly! 14.026907535191413,-0.15638714521519148,-0.8557737122920344
[05Sep2025 00:10:19.450] [Server thread/WARN] [net.minecraft.server.network.ServerGamePacketListenerImpl/]: entity.evilcraft.broom (vehicle of _ZorVaK_) moved too quickly! 14.006925015105708,-0.16017718296177463,-0.9013453456152547
[05Sep2025 00:10:19.450] [Server thread/WARN] [net.minecraft.server.network.ServerGamePacketListenerImpl/]: entity.evilcraft.broom (vehicle of _ZorVaK_) moved too quickly! 10.520741906784906,-0.11931485742184123,-0.7238520332894041
[05Sep2025 00:10:19.450] [Server thread/WARN] [net.minecraft.server.network.ServerGamePacketListenerImpl/]: entity.evilcraft.broom (vehicle of _ZorVaK_) moved too quickly! 10.520741906784906,-0.11931485742184123,-0.7238520332894041
[05Sep2025 00:10:19.450] [Server thread/WARN] [net.minecraft.server.network.ServerGamePacketListenerImpl/]: entity.evilcraft.broom (vehicle of _ZorVaK_) moved too quickly! 10.520741906784906,-0.11931485742184123,-0.7238520332894041
[05Sep2025 00:10:19.450] [Server thread/WARN] [net.minecraft.server.network.ServerGamePacketListenerImpl/]: entity.evilcraft.broom (vehicle of _ZorVaK_) moved too quickly! 10.520741906784906,-0.11931485742184123,-0.7238520332894041
[05Sep2025 00:10:19.450] [Server thread/WARN] [net.minecraft.server.network.ServerGamePacketListenerImpl/]: entity.evilcraft.broom (vehicle of _ZorVaK_) moved too quickly! 10.520741906784906,-0.11931485742184123,-0.7238520332894041
[05Sep2025 00:10:19.451] [Server thread/WARN] [net.minecraft.server.network.ServerGamePacketListenerImpl/]: entity.evilcraft.broom (vehicle of _ZorVaK_) moved too quickly! 10.520741906784906,-0.11931485742184123,-0.7238520332894041
[05Sep2025 00:10:19.451] [Server thread/WARN] [net.minecraft.server.network.ServerGamePacketListenerImpl/]: entity.evilcraft.broom (vehicle of _ZorVaK_) moved too quickly! 10.520741906784906,-0.11931485742184123,-0.7238520332894041
[05Sep2025 00:10:19.451] [Server thread/WARN] [net.minecraft.server.network.ServerGamePacketListenerImpl/]: entity.evilcraft.broom (vehicle of _ZorVaK_) moved too quickly! 10.520741906784906,-0.11931485742184123,-0.7238520332894041
[05Sep2025 00:10:19.451] [Server thread/WARN] [net.minecraft.server.network.ServerGamePacketListenerImpl/]: entity.evilcraft.broom (vehicle of _ZorVaK_) moved too quickly! 10.520741906784906,-0.11931485742184123,-0.7238520332894041
[05Sep2025 00:10:19.451] [Server thread/WARN] [net.minecraft.server.network.ServerGamePacketListenerImpl/]: entity.evilcraft.broom (vehicle of _ZorVaK_) moved too quickly! 10.520741906784906,-0.11931485742184123,-0.7238520332894041
[05Sep2025 00:10:19.510] [Server thread/WARN] [net.minecraft.server.network.ServerGamePacketListenerImpl/]: entity.evilcraft.broom (vehicle of _ZorVaK_) moved too quickly! 12.27490053006386,-0.13964045197172936,-0.8619951924316638
[05Sep2025 00:10:19.511] [Server thread/WARN] [net.minecraft.server.network.ServerGamePacketListenerImpl/]: entity.evilcraft.broom (vehicle of _ZorVaK_) moved too quickly! 12.27490053006386,-0.13964045197172936,-0.8619951924316638
[05Sep2025 00:10:19.512] [Server thread/WARN] [net.minecraft.server.network.ServerGamePacketListenerImpl/]: entity.evilcraft.broom (vehicle of _ZorVaK_) moved too quickly! 12.27490053006386,-0.13964045197172936,-0.8619951924316638
[05Sep2025 00:10:19.512] [Server thread/WARN] [net.minecraft.server.network.ServerGamePacketListenerImpl/]: entity.evilcraft.broom (vehicle of _ZorVaK_) moved too quickly! 12.27490053006386,-0.13964045197172936,-0.8619951924316638
[05Sep2025 00:10:19.512] [Server thread/WARN] [net.minecraft.server.network.ServerGamePacketListenerImpl/]: entity.evilcraft.broom (vehicle of _ZorVaK_) moved too quickly! 12.27490053006386,-0.13964045197172936,-0.8619951924316638
[05Sep2025 00:10:19.512] [Server thread/WARN] [net.minecraft.server.network.ServerGamePacketListenerImpl/]: entity.evilcraft.broom (vehicle of _ZorVaK_) moved too quickly! 10.522202897940588,-0.12014085770897509,-0.7567096908023814
[05Sep2025 00:10:27.292] [Server thread/WARN] [net.minecraft.server.network.ServerGamePacketListenerImpl/]: entity.evilcraft.broom (vehicle of _ZorVaK_) moved wrongly! 0.8261343031003889
[05Sep2025 00:10:27.508] [Server thread/WARN] [net.minecraft.server.network.ServerGamePacketListenerImpl/]: entity.evilcraft.broom (vehicle of _ZorVaK_) moved wrongly! 1.9937514968553387
[05Sep2025 00:10:27.509] [Server thread/WARN] [net.minecraft.server.network.ServerGamePacketListenerImpl/]: entity.evilcraft.broom (vehicle of _ZorVaK_) moved wrongly! 0.6199580523750683
